<?xml version="1.0" encoding="UTF-8"?>
<!-- Generated by org.testng.reporters.JUnitXMLReporter -->
<testsuite hostname="SUD-PC" ignored="0" name="Default test" tests="6" failures="0" timestamp="2020-06-29T19:29:30 IST" time="279.483" errors="0">
  <testcase name="tc4" time="48.127" classname="com.tomvc.qa.testcases.Addition_todos_test"/>
  <testcase name="tc6" time="28.015" classname="com.tomvc.qa.testcases.Addition_todos_test"/>
  <testcase name="tc7" time="43.754" classname="com.tomvc.qa.testcases.Addition_todos_test"/>
  <testcase name="tc8" time="27.816" classname="com.tomvc.qa.testcases.Addition_todos_test"/>
  <testcase name="tc9" time="39.85" classname="com.tomvc.qa.testcases.Addition_todos_test"/>
  <testcase name="tc10" time="16.768" classname="com.tomvc.qa.testcases.Addition_todos_test"/>
</testsuite> <!-- Default test -->
