<?xml version="1.0" encoding="UTF-8"?>
<testng-results skipped="0" failed="0" ignored="0" total="6" passed="6">
  <reporter-output>
  </reporter-output>
  <suite name="Default suite" duration-ms="279483" started-at="2020-06-29T19:24:50 IST" finished-at="2020-06-29T19:29:30 IST">
    <groups>
    </groups>
    <test name="Default test" duration-ms="279483" started-at="2020-06-29T19:24:50 IST" finished-at="2020-06-29T19:29:30 IST">
      <class name="com.tomvc.qa.testcases.Addition_todos_test">
        <test-method status="PASS" signature="setup()[pri:0, instance:com.tomvc.qa.testcases.Addition_todos_test@63e2203c]" name="setup" is-config="true" duration-ms="10803" started-at="2020-06-29T19:24:50 IST" finished-at="2020-06-29T19:25:01 IST">
          <reporter-output>
          </reporter-output>
        </test-method> <!-- setup -->
        <test-method status="PASS" signature="tc4()[pri:0, instance:com.tomvc.qa.testcases.Addition_todos_test@63e2203c]" name="tc4" duration-ms="48127" started-at="2020-06-29T19:25:01 IST" finished-at="2020-06-29T19:25:49 IST">
          <reporter-output>
          </reporter-output>
        </test-method> <!-- tc4 -->
        <test-method status="PASS" signature="teardown()[pri:0, instance:com.tomvc.qa.testcases.Addition_todos_test@63e2203c]" name="teardown" is-config="true" duration-ms="697" started-at="2020-06-29T19:25:49 IST" finished-at="2020-06-29T19:25:50 IST">
          <reporter-output>
          </reporter-output>
        </test-method> <!-- teardown -->
        <test-method status="PASS" signature="setup()[pri:0, instance:com.tomvc.qa.testcases.Addition_todos_test@63e2203c]" name="setup" is-config="true" duration-ms="20740" started-at="2020-06-29T19:25:50 IST" finished-at="2020-06-29T19:26:11 IST">
          <reporter-output>
          </reporter-output>
        </test-method> <!-- setup -->
        <test-method status="PASS" signature="tc6()[pri:1, instance:com.tomvc.qa.testcases.Addition_todos_test@63e2203c]" name="tc6" duration-ms="28015" started-at="2020-06-29T19:26:11 IST" finished-at="2020-06-29T19:26:39 IST">
          <reporter-output>
          </reporter-output>
        </test-method> <!-- tc6 -->
        <test-method status="PASS" signature="teardown()[pri:0, instance:com.tomvc.qa.testcases.Addition_todos_test@63e2203c]" name="teardown" is-config="true" duration-ms="660" started-at="2020-06-29T19:26:39 IST" finished-at="2020-06-29T19:26:39 IST">
          <reporter-output>
          </reporter-output>
        </test-method> <!-- teardown -->
        <test-method status="PASS" signature="setup()[pri:0, instance:com.tomvc.qa.testcases.Addition_todos_test@63e2203c]" name="setup" is-config="true" duration-ms="8681" started-at="2020-06-29T19:26:39 IST" finished-at="2020-06-29T19:26:48 IST">
          <reporter-output>
          </reporter-output>
        </test-method> <!-- setup -->
        <test-method status="PASS" signature="tc7()[pri:2, instance:com.tomvc.qa.testcases.Addition_todos_test@63e2203c]" name="tc7" duration-ms="43754" started-at="2020-06-29T19:26:48 IST" finished-at="2020-06-29T19:27:32 IST">
          <reporter-output>
          </reporter-output>
        </test-method> <!-- tc7 -->
        <test-method status="PASS" signature="teardown()[pri:0, instance:com.tomvc.qa.testcases.Addition_todos_test@63e2203c]" name="teardown" is-config="true" duration-ms="651" started-at="2020-06-29T19:27:32 IST" finished-at="2020-06-29T19:27:32 IST">
          <reporter-output>
          </reporter-output>
        </test-method> <!-- teardown -->
        <test-method status="PASS" signature="setup()[pri:0, instance:com.tomvc.qa.testcases.Addition_todos_test@63e2203c]" name="setup" is-config="true" duration-ms="7930" started-at="2020-06-29T19:27:32 IST" finished-at="2020-06-29T19:27:40 IST">
          <reporter-output>
          </reporter-output>
        </test-method> <!-- setup -->
        <test-method status="PASS" signature="tc8()[pri:3, instance:com.tomvc.qa.testcases.Addition_todos_test@63e2203c]" name="tc8" duration-ms="27816" started-at="2020-06-29T19:27:40 IST" finished-at="2020-06-29T19:28:08 IST">
          <reporter-output>
          </reporter-output>
        </test-method> <!-- tc8 -->
        <test-method status="PASS" signature="teardown()[pri:0, instance:com.tomvc.qa.testcases.Addition_todos_test@63e2203c]" name="teardown" is-config="true" duration-ms="627" started-at="2020-06-29T19:28:08 IST" finished-at="2020-06-29T19:28:09 IST">
          <reporter-output>
          </reporter-output>
        </test-method> <!-- teardown -->
        <test-method status="PASS" signature="setup()[pri:0, instance:com.tomvc.qa.testcases.Addition_todos_test@63e2203c]" name="setup" is-config="true" duration-ms="8125" started-at="2020-06-29T19:28:09 IST" finished-at="2020-06-29T19:28:17 IST">
          <reporter-output>
          </reporter-output>
        </test-method> <!-- setup -->
        <test-method status="PASS" signature="tc9()[pri:4, instance:com.tomvc.qa.testcases.Addition_todos_test@63e2203c]" name="tc9" duration-ms="39850" started-at="2020-06-29T19:28:17 IST" finished-at="2020-06-29T19:28:57 IST">
          <reporter-output>
          </reporter-output>
        </test-method> <!-- tc9 -->
        <test-method status="PASS" signature="teardown()[pri:0, instance:com.tomvc.qa.testcases.Addition_todos_test@63e2203c]" name="teardown" is-config="true" duration-ms="682" started-at="2020-06-29T19:28:57 IST" finished-at="2020-06-29T19:28:57 IST">
          <reporter-output>
          </reporter-output>
        </test-method> <!-- teardown -->
        <test-method status="PASS" signature="setup()[pri:0, instance:com.tomvc.qa.testcases.Addition_todos_test@63e2203c]" name="setup" is-config="true" duration-ms="14856" started-at="2020-06-29T19:28:57 IST" finished-at="2020-06-29T19:29:12 IST">
          <reporter-output>
          </reporter-output>
        </test-method> <!-- setup -->
        <test-method status="PASS" signature="tc10()[pri:5, instance:com.tomvc.qa.testcases.Addition_todos_test@63e2203c]" name="tc10" duration-ms="16768" started-at="2020-06-29T19:29:12 IST" finished-at="2020-06-29T19:29:29 IST">
          <reporter-output>
          </reporter-output>
        </test-method> <!-- tc10 -->
        <test-method status="PASS" signature="teardown()[pri:0, instance:com.tomvc.qa.testcases.Addition_todos_test@63e2203c]" name="teardown" is-config="true" duration-ms="630" started-at="2020-06-29T19:29:29 IST" finished-at="2020-06-29T19:29:30 IST">
          <reporter-output>
          </reporter-output>
        </test-method> <!-- teardown -->
      </class> <!-- com.tomvc.qa.testcases.Addition_todos_test -->
    </test> <!-- Default test -->
  </suite> <!-- Default suite -->
</testng-results>
